app/build/outputs/logs/manifest-merger-debug-report.txt
-- Merging decision tree log ---
manifest
ADDED from AndroidManifest.xml:2:1
	xmlns:android
		ADDED from AndroidManifest.xml:2:11
	package
		ADDED from AndroidManifest.xml:3:5
		INJECTED from AndroidManifest.xml:0:0
		INJECTED from AndroidManifest.xml:0:0
	android:versionName
		ADDED from AndroidManifest.xml:5:5
	android:versionCode
		ADDED from AndroidManifest.xml:4:5
		INJECTED from AndroidManifest.xml:0:0
		INJECTED from AndroidManifest.xml:0:0
uses-sdk
ADDED from AndroidManifest.xml:8:5
	android:targetSdkVersion
		INJECTED from AndroidManifest.xml:0:0
		INJECTED from AndroidManifest.xml:0:0
	android:minSdkVersion
		ADDED from AndroidManifest.xml:8:15
		INJECTED from AndroidManifest.xml:0:0
		INJECTED from AndroidManifest.xml:0:0
uses-permission#android.permission.INTERNET
ADDED from AndroidManifest.xml:11:5
	android:name
		ADDED from AndroidManifest.xml:11:22
application
ADDED from AndroidManifest.xml:13:5
	android:label
		ADDED from AndroidManifest.xml:16:9
	android:icon
		ADDED from AndroidManifest.xml:15:9
	android:process
		ADDED from AndroidManifest.xml:17:9
	android:name
		ADDED from AndroidManifest.xml:14:9
activity#com.bosicc.cluedo.activity.CluedologsActivity
ADDED from AndroidManifest.xml:18:9
	android:label
		ADDED from AndroidManifest.xml:20:13
	android:name
		ADDED from AndroidManifest.xml:19:13
intent-filter#android.intent.action.MAIN+android.intent.category.LAUNCHER
ADDED from AndroidManifest.xml:21:13
action#android.intent.action.MAIN
ADDED from AndroidManifest.xml:22:17
	android:name
		ADDED from AndroidManifest.xml:22:25
category#android.intent.category.LAUNCHER
ADDED from AndroidManifest.xml:24:17
	android:name
		ADDED from AndroidManifest.xml:24:27
activity#com.bosicc.cluedo.activity.SetupActivity
ADDED from AndroidManifest.xml:27:9
	android:label
		ADDED from AndroidManifest.xml:29:13
	android:theme
		ADDED from AndroidManifest.xml:30:13
	android:name
		ADDED from AndroidManifest.xml:28:13
intent-filter#android.intent.action.VIEW+android.intent.category.DEFAULT
ADDED from AndroidManifest.xml:31:13
action#android.intent.action.VIEW
ADDED from AndroidManifest.xml:32:17
	android:name
		ADDED from AndroidManifest.xml:32:25
category#android.intent.category.DEFAULT
ADDED from AndroidManifest.xml:34:17
	android:name
		ADDED from AndroidManifest.xml:34:27
activity#com.bosicc.cluedo.activity.TabCluedoLogsActivity
ADDED from AndroidManifest.xml:37:9
	android:label
		ADDED from AndroidManifest.xml:39:13
	android:theme
		ADDED from AndroidManifest.xml:40:13
	android:name
		ADDED from AndroidManifest.xml:38:13
activity#com.bosicc.cluedo.activity.TableActivity
ADDED from AndroidManifest.xml:47:9
	android:label
		ADDED from AndroidManifest.xml:49:13
	android:name
		ADDED from AndroidManifest.xml:48:13
activity#com.bosicc.cluedo.activity.LogsActivity
ADDED from AndroidManifest.xml:56:9
	android:label
		ADDED from AndroidManifest.xml:58:13
	android:name
		ADDED from AndroidManifest.xml:57:13
activity#com.bosicc.cluedo.activity.LogsTextActivity
ADDED from AndroidManifest.xml:65:9
	android:label
		ADDED from AndroidManifest.xml:67:13
	android:theme
		ADDED from AndroidManifest.xml:68:13
	android:name
		ADDED from AndroidManifest.xml:66:13
activity#com.bosicc.cluedo.activity.AboutActivity
ADDED from AndroidManifest.xml:75:9
	android:label
		ADDED from AndroidManifest.xml:77:13
	android:name
		ADDED from AndroidManifest.xml:76:13